<?xml version="1.0" encoding="UTF-8"?>
<!-- Generated by org.testng.reporters.JUnitReportReporter -->
<testsuite hostname="LNDA0055" name="Selenium.Dtcoursestest.createAMtest" tests="1" failures="0" timestamp="18 Nov 2013 11:49:15 GMT" time="77.252" errors="0">
  <testcase name="createAsgnmntMode" time="77.252" classname="Selenium.Dtcoursestest.createAMtest"/>
</testsuite> <!-- Selenium.Dtcoursestest.createAMtest -->
