<?xml version="1.0" encoding="UTF-8"?>
<!-- Generated by org.testng.reporters.JUnitReportReporter -->
<testsuite hostname="LNDA0055" name="Selenium.Dtcoursestest.createcmtest" tests="6" failures="0" timestamp="13 Dec 2013 13:56:16 GMT" time="62.624" errors="0">
  <testcase name="testSelectIAC" time="3.144" classname="Selenium.Dtcoursestest.createcmtest"/>
  <testcase name="testSelectComponentsScreen" time="9.677" classname="Selenium.Dtcoursestest.createcmtest"/>
  <testcase name="testSSOfrontdoorlaunch" time="20.290" classname="Selenium.Dtcoursestest.createcmtest"/>
  <testcase name="testConfirmationWindow" time="10.315" classname="Selenium.Dtcoursestest.createcmtest"/>
  <testcase name="testChooseTitle" time="14.903" classname="Selenium.Dtcoursestest.createcmtest"/>
  <testcase name="testNameTheCourse" time="4.295" classname="Selenium.Dtcoursestest.createcmtest"/>
</testsuite> <!-- Selenium.Dtcoursestest.createcmtest -->
