<?xml version="1.0" encoding="UTF-8"?>
<!-- Generated by org.testng.reporters.JUnitReportReporter -->
<testsuite hostname="LNDA0055" name="Selenium.Dtcoursestest.CopyOfAppTest" tests="1" failures="0" timestamp="16 Jan 2014 11:16:33 GMT" time="0.000" errors="0">
  <testcase name="testApp" time="0.000" classname="Selenium.Dtcoursestest.CopyOfAppTest"/>
</testsuite>
