<?xml version="1.0" encoding="UTF-8"?>
<!-- Generated by org.testng.reporters.JUnitReportReporter -->
<testsuite hostname="LNDA0055" name="Selenium.Dtcoursestest.Copy_3_of_AppTest" tests="1" failures="0" timestamp="16 Jan 2014 11:16:33 GMT" time="0.005" errors="0">
  <testcase name="testApp" time="0.005" classname="Selenium.Dtcoursestest.Copy_3_of_AppTest"/>
</testsuite>
